2021-09-06 11:16:26 [INFO ] main StartupInfoLogger.java:55 com.mypro.srb.core.ServiceCoreApplication Starting ServiceCoreApplication on DESKTOP-7BF5DFE with PID 3728 (E:\pro\srb\service-core\target\classes started by yxl in E:\pro\srb)
2021-09-06 11:16:26 [INFO ] main SpringApplication.java:655 com.mypro.srb.core.ServiceCoreApplication The following profiles are active: dev
2021-09-06 11:16:28 [INFO ] main StartupInfoLogger.java:61 com.mypro.srb.core.ServiceCoreApplication Started ServiceCoreApplication in 2.428 seconds (JVM running for 2.92)
2021-09-06 11:16:51 [INFO ] http-nio-8110-exec-1 AdminIntegralGradeController.java:38 com.mypro.srb.core.controller.admin.AdminIntegralGradeController info..............
2021-09-06 11:16:51 [WARN ] http-nio-8110-exec-1 AdminIntegralGradeController.java:39 com.mypro.srb.core.controller.admin.AdminIntegralGradeController warning.............
2021-09-06 11:16:51 [ERROR] http-nio-8110-exec-1 AdminIntegralGradeController.java:40 com.mypro.srb.core.controller.admin.AdminIntegralGradeController error...................
2021-09-06 11:34:06 [INFO ] main StartupInfoLogger.java:55 com.mypro.srb.core.ServiceCoreApplication Starting ServiceCoreApplication on DESKTOP-7BF5DFE with PID 12188 (E:\pro\srb\service-core\target\classes started by yxl in E:\pro\srb)
2021-09-06 11:34:06 [INFO ] main SpringApplication.java:655 com.mypro.srb.core.ServiceCoreApplication The following profiles are active: dev
2021-09-06 11:34:08 [INFO ] main StartupInfoLogger.java:61 com.mypro.srb.core.ServiceCoreApplication Started ServiceCoreApplication in 2.447 seconds (JVM running for 3.022)
2021-09-06 11:34:21 [INFO ] http-nio-8110-exec-9 AdminIntegralGradeController.java:38 com.mypro.srb.core.controller.admin.AdminIntegralGradeController info..............
2021-09-06 11:34:21 [WARN ] http-nio-8110-exec-9 AdminIntegralGradeController.java:39 com.mypro.srb.core.controller.admin.AdminIntegralGradeController warning.............
2021-09-06 11:34:21 [ERROR] http-nio-8110-exec-9 AdminIntegralGradeController.java:40 com.mypro.srb.core.controller.admin.AdminIntegralGradeController error...................
2021-09-06 11:34:23 [INFO ] http-nio-8110-exec-10 AdminIntegralGradeController.java:38 com.mypro.srb.core.controller.admin.AdminIntegralGradeController info..............
2021-09-06 11:34:23 [WARN ] http-nio-8110-exec-10 AdminIntegralGradeController.java:39 com.mypro.srb.core.controller.admin.AdminIntegralGradeController warning.............
2021-09-06 11:34:23 [ERROR] http-nio-8110-exec-10 AdminIntegralGradeController.java:40 com.mypro.srb.core.controller.admin.AdminIntegralGradeController error...................
2021-09-06 11:34:24 [INFO ] http-nio-8110-exec-1 AdminIntegralGradeController.java:38 com.mypro.srb.core.controller.admin.AdminIntegralGradeController info..............
2021-09-06 11:34:24 [WARN ] http-nio-8110-exec-1 AdminIntegralGradeController.java:39 com.mypro.srb.core.controller.admin.AdminIntegralGradeController warning.............
2021-09-06 11:34:24 [ERROR] http-nio-8110-exec-1 AdminIntegralGradeController.java:40 com.mypro.srb.core.controller.admin.AdminIntegralGradeController error...................
2021-09-06 11:34:24 [INFO ] http-nio-8110-exec-4 AdminIntegralGradeController.java:38 com.mypro.srb.core.controller.admin.AdminIntegralGradeController info..............
2021-09-06 11:34:24 [WARN ] http-nio-8110-exec-4 AdminIntegralGradeController.java:39 com.mypro.srb.core.controller.admin.AdminIntegralGradeController warning.............
2021-09-06 11:34:24 [ERROR] http-nio-8110-exec-4 AdminIntegralGradeController.java:40 com.mypro.srb.core.controller.admin.AdminIntegralGradeController error...................
2021-09-06 11:34:25 [INFO ] http-nio-8110-exec-2 AdminIntegralGradeController.java:38 com.mypro.srb.core.controller.admin.AdminIntegralGradeController info..............
2021-09-06 11:34:25 [WARN ] http-nio-8110-exec-2 AdminIntegralGradeController.java:39 com.mypro.srb.core.controller.admin.AdminIntegralGradeController warning.............
2021-09-06 11:34:25 [ERROR] http-nio-8110-exec-2 AdminIntegralGradeController.java:40 com.mypro.srb.core.controller.admin.AdminIntegralGradeController error...................
2021-09-06 11:34:25 [INFO ] http-nio-8110-exec-3 AdminIntegralGradeController.java:38 com.mypro.srb.core.controller.admin.AdminIntegralGradeController info..............
2021-09-06 11:34:25 [WARN ] http-nio-8110-exec-3 AdminIntegralGradeController.java:39 com.mypro.srb.core.controller.admin.AdminIntegralGradeController warning.............
2021-09-06 11:34:25 [ERROR] http-nio-8110-exec-3 AdminIntegralGradeController.java:40 com.mypro.srb.core.controller.admin.AdminIntegralGradeController error...................
2021-09-06 11:34:30 [INFO ] http-nio-8110-exec-5 AdminIntegralGradeController.java:38 com.mypro.srb.core.controller.admin.AdminIntegralGradeController info..............
2021-09-06 11:34:30 [WARN ] http-nio-8110-exec-5 AdminIntegralGradeController.java:39 com.mypro.srb.core.controller.admin.AdminIntegralGradeController warning.............
2021-09-06 11:34:30 [ERROR] http-nio-8110-exec-5 AdminIntegralGradeController.java:40 com.mypro.srb.core.controller.admin.AdminIntegralGradeController error...................
2021-09-06 11:34:31 [INFO ] http-nio-8110-exec-7 AdminIntegralGradeController.java:38 com.mypro.srb.core.controller.admin.AdminIntegralGradeController info..............
2021-09-06 11:34:31 [WARN ] http-nio-8110-exec-7 AdminIntegralGradeController.java:39 com.mypro.srb.core.controller.admin.AdminIntegralGradeController warning.............
2021-09-06 11:34:31 [ERROR] http-nio-8110-exec-7 AdminIntegralGradeController.java:40 com.mypro.srb.core.controller.admin.AdminIntegralGradeController error...................
2021-09-06 11:34:31 [INFO ] http-nio-8110-exec-8 AdminIntegralGradeController.java:38 com.mypro.srb.core.controller.admin.AdminIntegralGradeController info..............
2021-09-06 11:34:31 [WARN ] http-nio-8110-exec-8 AdminIntegralGradeController.java:39 com.mypro.srb.core.controller.admin.AdminIntegralGradeController warning.............
2021-09-06 11:34:31 [ERROR] http-nio-8110-exec-8 AdminIntegralGradeController.java:40 com.mypro.srb.core.controller.admin.AdminIntegralGradeController error...................
2021-09-06 11:34:32 [INFO ] http-nio-8110-exec-6 AdminIntegralGradeController.java:38 com.mypro.srb.core.controller.admin.AdminIntegralGradeController info..............
2021-09-06 11:34:32 [WARN ] http-nio-8110-exec-6 AdminIntegralGradeController.java:39 com.mypro.srb.core.controller.admin.AdminIntegralGradeController warning.............
2021-09-06 11:34:32 [ERROR] http-nio-8110-exec-6 AdminIntegralGradeController.java:40 com.mypro.srb.core.controller.admin.AdminIntegralGradeController error...................
